# On branch master
# Changed but not updated:
#   (use "git add <file>..." to update what will be committed)
#   (use "git checkout -- <file>..." to discard changes in working directory)
#
#	modified:   libc/locale/mbrlen.3
#	modified:   libc/sys/stat.2
#	modified:   libssl/src/ssl/s3_lib.c
#	modified:   libssl/src/ssl/s3_pkt.c
#	modified:   libssl/src/ssl/s3_srvr.c
#	modified:   libssl/src/ssl/ssl3.h
#	modified:   libssl/ssl/shlib_version
#	modified:   status.log
#	modified:   up.log
#
# Untracked files:
#   (use "git add <file>..." to include in what will be committed)
#
#	libssl/src/ssl/.#s3_srvr.c.1.23
no changes added to commit (use "git add" and/or "git commit -a")
