? .git
? .gitignore
? status.log
? up.log
P csu/alpha/Makefile
P csu/amd64/Makefile
P csu/arm/Makefile
P csu/hppa/Makefile
P csu/hppa64/Makefile
P csu/i386/Makefile
P csu/m68k/Makefile
P csu/m88k/Makefile
P csu/mips64/Makefile
P csu/powerpc/Makefile
P csu/sh/Makefile
P csu/sparc/Makefile
P csu/sparc64/Makefile
P csu/vax/Makefile
P libc/Makefile
P libc/Makefile.inc
P libc/shlib_version
P libc/arch/alpha/net/byte_swap_2.S
P libc/arch/alpha/net/byte_swap_4.S
P libc/arch/alpha/net/htonl.S
P libc/arch/alpha/net/htons.S
P libc/arch/alpha/net/ntohl.S
P libc/arch/alpha/net/ntohs.S
P libc/arch/arm/string/ffs.S
P libc/arch/arm/string/memcmp.S
P libc/arch/i386/net/htonl.S
P libc/arch/i386/net/htons.S
P libc/arch/i386/net/ntohl.S
P libc/arch/i386/net/ntohs.S
P libc/arch/i386/stdlib/abs.S
P libc/arch/i386/stdlib/div.S
P libc/arch/i386/stdlib/labs.S
P libc/arch/i386/stdlib/ldiv.S
P libc/arch/m68k/net/htonl.S
P libc/arch/m68k/net/htons.S
P libc/arch/m68k/net/ntohl.S
P libc/arch/m68k/net/ntohs.S
P libc/arch/m68k/stdlib/abs.S
P libc/arch/m68k/stdlib/insque.S
P libc/arch/m68k/stdlib/remque.S
P libc/arch/m88k/net/htonl.S
P libc/arch/m88k/net/htons.S
P libc/arch/m88k/net/ntohl.S
P libc/arch/m88k/net/ntohs.S
P libc/arch/mips64/net/htonl.S
P libc/arch/mips64/net/htons.S
P libc/arch/sparc/gen/divrem.m4
P libc/arch/sparc/net/htonl.S
P libc/arch/sparc/net/htons.S
P libc/arch/sparc/net/ntohl.S
P libc/arch/sparc/net/ntohs.S
P libc/arch/sparc/stdlib/abs.S
P libc/arch/sparc64/net/ntohs.S
P libc/arch/vax/net/htonl.S
P libc/arch/vax/net/htons.S
P libc/arch/vax/net/ntohl.S
P libc/arch/vax/net/ntohs.S
P libc/arch/vax/stdlib/insque.S
P libc/arch/vax/stdlib/remque.S
P libc/gen/errlist.c
P libc/stdio/vfprintf.c
P libc/stdlib/lsearch.c
P libc/sys/execve.2
P libc/sys/intro.2
P libc/time/strftime.c
P libcompat/Makefile
P libcompat/4.1/ftime.c
P libcompat/4.1/gtty.c
P libcompat/4.1/stty.c
P libcompat/4.3/regex.c
P libcompat/4.3/rexec.c
P libcompat/4.3/setrgid.c
P libcompat/4.3/setruid.c
P libcompat/4.4/cuserid.c
P libcompat/regexp/regerror.c
P libcompat/regexp/regexp.c
P libcompat/regexp/regsub.c
P libcurses/tinfo/read_bsd_terminfo.c
P libcurses/tinfo/read_termcap.c
P libedit/chared.c
P libedit/common.c
P libedit/el.c
P libedit/emacs.c
P libedit/hist.c
P libedit/history.c
P libedit/key.c
P libedit/makelist
P libedit/map.c
P libedit/parse.c
P libedit/prompt.c
P libedit/read.c
P libedit/readline.c
P libedit/refresh.c
P libedit/search.c
P libedit/sig.c
P libedit/term.c
P libedit/tokenizer.c
P libedit/tty.c
P libedit/vi.c
P libedit/TEST/test.c
P libkvm/Makefile
P libkvm/kvm.c
P libkvm/kvm_cd9660.c
P libkvm/kvm_file.c
P libkvm/kvm_file2.c
P libkvm/kvm_getloadavg.c
P libkvm/kvm_i386.c
P libkvm/kvm_m68k.c
P libkvm/kvm_mips64.c
P libkvm/kvm_ntfs.c
P libkvm/kvm_proc.c
P libkvm/kvm_sparc.c
P libkvm/kvm_udf.c
P libm/Makefile
U libm/shlib_version
P libm/arch/hppa/e_remainder.c
P libm/arch/hppa/e_remainderf.c
P libm/arch/hppa/e_sqrt.c
P libm/arch/hppa/e_sqrtf.c
P libm/arch/hppa/s_ceil.c
P libm/arch/hppa/s_ceilf.c
P libm/arch/hppa/s_floor.c
P libm/arch/hppa/s_floorf.c
P libm/arch/hppa/s_rint.c
P libm/arch/hppa/s_rintf.c
P libm/arch/hppa/s_round.c
P libm/arch/hppa/s_roundf.c
P libm/arch/hppa/s_trunc.c
P libm/arch/hppa/s_truncf.c
P libm/man/exp.3
U libm/man/fdim.3
U libm/man/fmax.3
P libm/noieee_src/n_acosh.c
P libm/noieee_src/n_asincos.c
P libm/noieee_src/n_asinh.c
P libm/noieee_src/n_atan.c
P libm/noieee_src/n_atan2.c
P libm/noieee_src/n_atanh.c
P libm/noieee_src/n_cbrt.c
P libm/noieee_src/n_cosh.c
P libm/noieee_src/n_erf.c
P libm/noieee_src/n_exp.c
P libm/noieee_src/n_exp__E.c
P libm/noieee_src/n_expm1.c
P libm/noieee_src/n_floor.c
P libm/noieee_src/n_fmod.c
P libm/noieee_src/n_hypot.c
P libm/noieee_src/n_j0.c
P libm/noieee_src/n_j1.c
P libm/noieee_src/n_jn.c
P libm/noieee_src/n_lgamma.c
P libm/noieee_src/n_log.c
P libm/noieee_src/n_log10.c
P libm/noieee_src/n_log1p.c
P libm/noieee_src/n_log__L.c
P libm/noieee_src/n_pow.c
P libm/noieee_src/n_sincos.c
P libm/noieee_src/n_sinh.c
P libm/noieee_src/n_support.c
P libm/noieee_src/n_tan.c
P libm/noieee_src/n_tanh.c
P libm/noieee_src/n_tgamma.c
P libm/src/b_exp__D.c
P libm/src/b_log__D.c
P libm/src/b_tgamma.c
P libm/src/e_acos.c
P libm/src/e_acosf.c
P libm/src/e_acosh.c
P libm/src/e_acoshf.c
P libm/src/e_asin.c
P libm/src/e_asinf.c
P libm/src/e_atan2.c
P libm/src/e_atan2f.c
P libm/src/e_atanh.c
P libm/src/e_atanhf.c
P libm/src/e_cosh.c
P libm/src/e_coshf.c
P libm/src/e_exp.c
P libm/src/e_expf.c
P libm/src/e_fmod.c
P libm/src/e_fmodf.c
P libm/src/e_hypot.c
P libm/src/e_hypotf.c
P libm/src/e_j0.c
P libm/src/e_j0f.c
P libm/src/e_j1.c
P libm/src/e_j1f.c
P libm/src/e_jn.c
P libm/src/e_jnf.c
P libm/src/e_lgamma_r.c
P libm/src/e_lgammaf_r.c
P libm/src/e_log.c
P libm/src/e_log10.c
P libm/src/e_log10f.c
P libm/src/e_logf.c
P libm/src/e_pow.c
P libm/src/e_powf.c
P libm/src/e_rem_pio2.c
P libm/src/e_rem_pio2f.c
P libm/src/e_remainder.c
P libm/src/e_remainderf.c
P libm/src/e_scalb.c
P libm/src/e_scalbf.c
P libm/src/e_sinh.c
P libm/src/e_sinhf.c
P libm/src/e_sqrt.c
P libm/src/e_sqrtf.c
P libm/src/k_cos.c
P libm/src/k_cosf.c
P libm/src/k_rem_pio2.c
P libm/src/k_rem_pio2f.c
P libm/src/k_sin.c
P libm/src/k_sinf.c
P libm/src/k_tan.c
P libm/src/k_tanf.c
P libm/src/s_asinh.c
P libm/src/s_asinhf.c
P libm/src/s_atan.c
P libm/src/s_atanf.c
P libm/src/s_cbrt.c
P libm/src/s_cbrtf.c
P libm/src/s_ceil.c
P libm/src/s_ceilf.c
P libm/src/s_copysign.c
P libm/src/s_copysignf.c
P libm/src/s_cos.c
P libm/src/s_cosf.c
P libm/src/s_erf.c
P libm/src/s_erff.c
P libm/src/s_expm1.c
P libm/src/s_expm1f.c
P libm/src/s_fabs.c
P libm/src/s_fabsf.c
P libm/src/s_fdim.c
P libm/src/s_floor.c
P libm/src/s_floorf.c
P libm/src/s_frexp.c
P libm/src/s_frexpf.c
P libm/src/s_ilogb.c
P libm/src/s_ilogbf.c
P libm/src/s_log1p.c
P libm/src/s_log1pf.c
P libm/src/s_logb.c
P libm/src/s_logbf.c
P libm/src/s_modf.c
P libm/src/s_modff.c
P libm/src/s_nextafter.c
P libm/src/s_nextafterf.c
P libm/src/s_rint.c
P libm/src/s_rintf.c
P libm/src/s_scalbn.c
P libm/src/s_scalbnf.c
P libm/src/s_significand.c
P libm/src/s_significandf.c
P libm/src/s_sin.c
P libm/src/s_sinf.c
P libm/src/s_tan.c
P libm/src/s_tanf.c
P libm/src/s_tanh.c
P libm/src/s_tanhf.c
P libm/src/w_gamma.c
P libm/src/w_gamma_r.c
P libm/src/w_gammaf.c
P libm/src/w_gammaf_r.c
P libm/src/w_lgamma.c
P libm/src/w_lgammaf.c
P libocurses/EXAMPLES/ex1.c
P libocurses/TEST/tc1.c
P libocurses/TEST/tc2.c
P libocurses/TEST/tc3.c
P libpcap/grammar.y
P libpcap/scanner.l
U libpthread/shlib_version
P libpthread/uthread/pthread_private.h
P libpthread/uthread/uthread_mutex.c
P librpcsvc/bootparam_prot.x
P librpcsvc/klm_prot.x
P librpcsvc/mount.x
P librpcsvc/nfs_prot.x
P librpcsvc/rex.x
P librpcsvc/rnusers.x
P librpcsvc/rquota.x
P librpcsvc/rstat.x
P librpcsvc/rusers.x
P librpcsvc/rwall.x
P librpcsvc/sm_inter.x
P librpcsvc/spray.x
P librpcsvc/yp.x
P librpcsvc/yppasswd.x
U librthread/shlib_version
P libsndio/aucat.c
P libutil/Makefile
P libutil/uucplock.c
P libwrap/clean_exit.c
P libwrap/diag.c
P libwrap/eval.c
P libwrap/fix_options.c
P libwrap/hosts_access.c
P libwrap/hosts_ctl.c
P libwrap/misc.c
P libwrap/options.c
P libwrap/percent_m.c
P libwrap/percent_x.c
P libwrap/refuse.c
P libwrap/rfc931.c
P libwrap/shell_cmd.c
P libwrap/socket.c
P libwrap/update.c
P liby/main.c
P liby/yyerror.c
P libz/deflate.c
P libz/inftrees.c
